
---- lua ----------------------------------------

-- --bob
 1 *******
 2 *********
 3 **********
 4 ************
 5 *****
 6 ********
 7 ********
 8 ****
 9 **
10 **
11 ***
12 *
17 *
18 *
32 *
small (<=6 lines):	51	 bigger:	23

-- --onetable
ipairs sees	4	 pairs sees	5

-- --patterns
goal col?	minimize

-- --truthy
0 is truthy:	yes

---- lst ----------------------------------------

-- --basics
sorted, x10:	{10 20 30 40 50}

-- --search
keysort by -x:	{3 2 1}

---- rnd ----------------------------------------

-- --gauss
1000 x gauss(10,2): mu	9.917	sd	2.021

-- --lehmer
same seed, same draw:	0.000	0.000

-- --some
3 of 10:	{60 50 30}

---- str ----------------------------------------

-- --coerce
what:	42	true	x

-- --csv
rows (with header):	399	header:	{Clndrs Volume HpX Model origin Lbs- Acc+ Mpg+}

-- --o
o:	{3.142 hi {a=1 b=2}}

---- num ----------------------------------------

-- --welford
mu:	25.0	sd:	12.910

-- --without
{1..6} minus {4,5,6}: mu	2.0	sd	1

---- sym ----------------------------------------

-- --minus
aab minus b:	{a=2}

-- --mode
mode:	a	entropy:	1.459

---- cols ----------------------------------------

-- --types
all x y:	4	2	1	 goal(Weight-):	0

---- tbl ----------------------------------------

-- --clone
clone of first 10 rows:	10

-- --load
rows:	398	y:	{Lbs- Acc+ Mpg+}

---- dist ----------------------------------------

-- --distx
d(r1,r1):	0.0	 d(r1,r2):	0.040

-- --disty
disty lo mid hi:	0.075	0.535	0.956

-- --near
row:     	{8 351 148 75 1 4657 13.500 10}
neighbor:	{8 350 145 73 1 4082 13 20}
loneliest (anomaly?):	{6 168 132 80 3 2910 11.400 30}	gap	0.243

---- stats ----------------------------------------

-- --same
same(a,b):	true	 same(a,c):	false

---- acquire ----------------------------------------

-- --project
y at the line's ends:	0.346	0.874

-- --random
random labels:	45

-- --top
labels:	45	 best:	0.093	 worst:	0.901

---- bins ----------------------------------------

-- --split
best bin:	Volume	at	262	cost	0.143
x1's own best:	Clndrs	at	6	cost	0.144

---- tree ----------------------------------------

-- --grow
   win     n      Lbs-     Acc+     Mpg+
    -9    45  2400.200   17.096   27.556
    -2    42  2268.548   17.433   28.333  Clndrs <= 6
    29    27      2118   17.715   31.852  |  Volume <= 112
    38    20  2039.300   18.165   31.500  |  |  Volume <= 98
▲   57     9  2057.444   18.667   32.222  |  |  |  Volume > 90
    23    11  2024.455   17.755   30.909  |  |  |  Volume <= 90
     2     7  2342.857   16.429   32.857  |  |  Volume > 98
    23     3  2606.667   18.133       30  |  |  |  Volume > 111
   -14     4      2145   15.150       35  |  |  |  Volume <= 111
   -58    15  2539.533   16.927       22  |  Volume > 112
   -46    11  2432.818   17.000   22.727  |  |  origin == 1
    -6     3  2528.333   17.333   26.667  |  |  |  Model > 73
   -60     8      2397   16.875   21.250  |  |  |  Model <= 73
   -91     4      2833   16.725       20  |  |  origin ~= 1
▼ -100     3  4243.333   12.367   16.667  Clndrs > 6

---- score ----------------------------------------

-- --holdout
holdout win:	97

-- --seeds
97 96 97 94 97 | mu	96.200	sd	1.304

all pass
