
---- lua ----------------------------------------

-- --truthy
0 is truthy:	yes

-- --onetable
ipairs sees	4	 pairs sees	5

-- --items
sorted walk:	a1b2c3

-- --patterns
goal col?	minimize

-- --bob
 1 *******
 2 *********
 3 ***********
 4 ***********
 5 *****
 6 *********
 7 ******
 8 *****
 9 ****
10 **
11 ****
12 *
17 *
18 *
32 *
small (<=6 lines):	52	 bigger:	25

---- lst ----------------------------------------

-- --basics
sorted, x10:	{10 20 30 40 50}

-- --search
keysort by -x:	{3 2 1}

---- rnd ----------------------------------------

-- --lehmer
same seed, same draw:	0.000	0.000

-- --some
3 of 10:	{60 50 30}

-- --gauss
1000 x gauss(10,2): mu	9.917	sd	2.021

---- str ----------------------------------------

-- --coerce
what:	42	true	x

-- --csv
rows (with header):	399	header:	{Clndrs Volume HpX Model origin Lbs- Acc+ Mpg+}

-- --o
o:	{3.142 hi {a=1 b=2}}

---- num ----------------------------------------

-- --welford
mu:	25.0	sd:	12.910

-- --without
{1..6} minus {4,5,6}: mu	2.0	sd	1

---- sym ----------------------------------------

-- --mode
mode:	a	entropy:	1.459

-- --minus
aab minus b:	{a=2}

---- cols ----------------------------------------

-- --types
all x y:	4	2	1	 goal(Weight-):	0

---- tbl ----------------------------------------

-- --load
rows:	398	y:	{Lbs- Acc+ Mpg+}

-- --clone
clone of first 10 rows:	10

-- --mids
centroid:    	{5.462 193.426 104.469 76.010 1 2970.425 15.568 23.844}
20-row clone:	{8 367.200 179.550 71.750 1 4579.700 13.075 10}

---- dist ----------------------------------------

-- --distx
d(r1,r1):	0.0	 d(r1,r2):	0.040

-- --disty
disty lo mid hi:	0.075	0.535	0.956

-- --near
row:     	{8 351 148 75 1 4657 13.500 10}
neighbor:	{8 350 145 73 1 4082 13 20}
loneliest (anomaly?):	{6 168 132 80 3 2910 11.400 30}	gap	0.243

---- stats ----------------------------------------

-- --same
same(a,b):	true	 same(a,c):	false

-- --top
top:	{a b}

---- acquire ----------------------------------------

-- --project
y at the line's ends:	0.346	0.874

-- --top
labels:	45	 best:	0.093	 worst:	0.901

-- --random
random labels:	45

---- bins ----------------------------------------

-- --split
best bin:	Volume	at	262	cost	0.143
x1's own best:	Clndrs	at	6	cost	0.144

---- tree ----------------------------------------

-- --grow
   win     n      Lbs-     Acc+     Mpg+
    -6    45  2377.978   17.113   27.778
     1    42  2244.738   17.452   28.571  Clndrs <= 6
    29    28  2111.821   17.682   31.786  |  Volume <= 112
    38    21  2034.810   18.100   31.429  |  |  Volume <= 98
▲   57     9  2057.444   18.667   32.222  |  |  |  Volume > 90
    24    12  2017.833   17.675   30.833  |  |  |  Volume <= 90
     2     7  2342.857   16.429   32.857  |  |  Volume > 98
    23     3  2606.667   18.133       30  |  |  |  Volume > 111
   -14     4      2145   15.150       35  |  |  |  Volume <= 111
   -55    14  2510.571   16.993   22.143  |  Volume > 112
   -40    10  2381.600   17.100       23  |  |  origin == 1
    -7     3  2528.333   17.333   26.667  |  |  |  Model > 73
   -55     7  2318.714       17   21.429  |  |  |  Model <= 73
   -91     4      2833   16.725       20  |  |  origin ~= 1
▼ -100     3  4243.333   12.367   16.667  Clndrs > 6

---- score ----------------------------------------

-- --holdout
holdout win:	95

-- --seeds
95 96 97 94 97 | mu	95.800	sd	1.304

all pass
