
---- knn ----------------------------------------

-- --acc
3-NN accuracy on breast.w:	0.967

---- kmeans ----------------------------------------

-- --cluster
5 clusters, sizes:	{44 57 136 183 279}

---- kmeanspp ----------------------------------------

-- --seed
5 kmeans++ seeds, mean pair distance:	0.436

---- bayes ----------------------------------------

-- --like
like at mean vs 3sd out:	0.142	0.002

---- classify ----------------------------------------

-- --acc
naive Bayes accuracy on breast.w:	0.957

---- mutate ----------------------------------------

-- --picks
cells changed by picks(n=3):	3	of	9

-- --extrapolate
x cols kept from base a:	7	of	9

---- de ----------------------------------------

-- --run
DE   best (nearest-real disty):	0.075	 median	0.544

---- ga ----------------------------------------

-- --run
GA   best (nearest-real disty):	0.093	 median	0.544

---- sa ----------------------------------------

-- --run
SA   best (nearest-real disty):	0.093	 median	0.544

---- ls ----------------------------------------

-- --run
LS   best (nearest-real disty):	0.105	 median	0.544

---- race ----------------------------------------

-- --run
optimizer race (best first):
   	de	0.075
   	sa	0.093
   	ls	0.105
   	ga	0.147

---- sample ----------------------------------------

-- --rows
synthesized rows:	30	 width	8	of	8

---- acquire ----------------------------------------

-- --both
acquire best disty:	0.075	 labels	70
acquire best disty:	0.075	 labels	70

---- anomaly ----------------------------------------

-- --detect
anomaly scores lo/mid/hi:	0.291	0.324	0.994

all pass
